2024-09-18 23:12:48,004 ERROR: Exception on /search [GET] [in E:\Thihansa\Bluechip Technologies\microblog\venv\Lib\site-packages\flask\app.py:838]
Traceback (most recent call last):
  File "E:\Thihansa\Bluechip Technologies\microblog\venv\Lib\site-packages\flask\app.py", line 1473, in wsgi_app
    response = self.full_dispatch_request()
               ^^^^^^^^^^^^^^^^^^^^^^^^^^^^
  File "E:\Thihansa\Bluechip Technologies\microblog\venv\Lib\site-packages\flask\app.py", line 882, in full_dispatch_request
    rv = self.handle_user_exception(e)
         ^^^^^^^^^^^^^^^^^^^^^^^^^^^^^
  File "E:\Thihansa\Bluechip Technologies\microblog\venv\Lib\site-packages\flask\app.py", line 880, in full_dispatch_request
    rv = self.dispatch_request()
         ^^^^^^^^^^^^^^^^^^^^^^^
  File "E:\Thihansa\Bluechip Technologies\microblog\venv\Lib\site-packages\flask\app.py", line 865, in dispatch_request
    return self.ensure_sync(self.view_functions[rule.endpoint])(**view_args)  # type: ignore[no-any-return]
           ^^^^^^^^^^^^^^^^^^^^^^^^^^^^^^^^^^^^^^^^^^^^^^^^^^^^^^^^^^^^^^^^^
  File "E:\Thihansa\Bluechip Technologies\microblog\venv\Lib\site-packages\flask_login\utils.py", line 290, in decorated_view
    return current_app.ensure_sync(func)(*args, **kwargs)
           ^^^^^^^^^^^^^^^^^^^^^^^^^^^^^^^^^^^^^^^^^^^^^^
  File "E:\Thihansa\Bluechip Technologies\microblog\app\main\routes.py", line 168, in search
    return render_template('search.html', title=_('Search'), posts=posts,
           ^^^^^^^^^^^^^^^^^^^^^^^^^^^^^^^^^^^^^^^^^^^^^^^^^^^^^^^^^^^^^^
  File "E:\Thihansa\Bluechip Technologies\microblog\venv\Lib\site-packages\flask\templating.py", line 149, in render_template
    template = app.jinja_env.get_or_select_template(template_name_or_list)
               ^^^^^^^^^^^^^^^^^^^^^^^^^^^^^^^^^^^^^^^^^^^^^^^^^^^^^^^^^^^
  File "E:\Thihansa\Bluechip Technologies\microblog\venv\Lib\site-packages\jinja2\environment.py", line 1084, in get_or_select_template
    return self.get_template(template_name_or_list, parent, globals)
           ^^^^^^^^^^^^^^^^^^^^^^^^^^^^^^^^^^^^^^^^^^^^^^^^^^^^^^^^^
  File "E:\Thihansa\Bluechip Technologies\microblog\venv\Lib\site-packages\jinja2\environment.py", line 1013, in get_template
    return self._load_template(name, globals)
           ^^^^^^^^^^^^^^^^^^^^^^^^^^^^^^^^^^
  File "E:\Thihansa\Bluechip Technologies\microblog\venv\Lib\site-packages\jinja2\environment.py", line 972, in _load_template
    template = self.loader.load(self, name, self.make_globals(globals))
               ^^^^^^^^^^^^^^^^^^^^^^^^^^^^^^^^^^^^^^^^^^^^^^^^^^^^^^^^
  File "E:\Thihansa\Bluechip Technologies\microblog\venv\Lib\site-packages\jinja2\loaders.py", line 126, in load
    source, filename, uptodate = self.get_source(environment, name)
                                 ^^^^^^^^^^^^^^^^^^^^^^^^^^^^^^^^^^
  File "E:\Thihansa\Bluechip Technologies\microblog\venv\Lib\site-packages\flask\templating.py", line 65, in get_source
    return self._get_source_fast(environment, template)
           ^^^^^^^^^^^^^^^^^^^^^^^^^^^^^^^^^^^^^^^^^^^^
  File "E:\Thihansa\Bluechip Technologies\microblog\venv\Lib\site-packages\flask\templating.py", line 99, in _get_source_fast
    raise TemplateNotFound(template)
jinja2.exceptions.TemplateNotFound: search.html
2024-09-18 23:14:44,266 INFO: Microblog startup [in E:\Thihansa\Bluechip Technologies\microblog\app\__init__.py:81]
2024-09-19 00:33:29,546 INFO: Microblog startup [in E:\Thihansa\Bluechip Technologies\microblog\app\__init__.py:81]
2024-09-19 01:45:05,983 INFO: Microblog startup [in E:\Thihansa\Bluechip Technologies\microblog\app\__init__.py:88]
2024-09-19 01:46:46,214 INFO: Microblog startup [in E:\Thihansa\Bluechip Technologies\microblog\app\__init__.py:88]
2024-09-19 01:47:02,283 INFO: Microblog startup [in E:\Thihansa\Bluechip Technologies\microblog\app\__init__.py:88]
2024-09-19 01:50:49,408 INFO: Microblog startup [in E:\Thihansa\Bluechip Technologies\microblog\app\__init__.py:88]
2024-09-19 01:52:08,012 INFO: Microblog startup [in E:\Thihansa\Bluechip Technologies\microblog\app\__init__.py:88]
2024-09-19 01:52:19,051 INFO: Microblog startup [in E:\Thihansa\Bluechip Technologies\microblog\app\__init__.py:88]
2024-09-19 01:53:20,998 INFO: Microblog startup [in E:\Thihansa\Bluechip Technologies\microblog\app\__init__.py:88]
2024-09-19 07:16:20,342 INFO: Microblog startup [in E:\Thihansa\Bluechip Technologies\microblog\app\__init__.py:88]
2024-09-19 07:16:37,857 INFO: Microblog startup [in E:\Thihansa\Bluechip Technologies\microblog\app\__init__.py:88]
2024-09-19 07:27:09,457 INFO: Microblog startup [in E:\Thihansa\Bluechip Technologies\microblog\app\__init__.py:88]
2024-09-19 07:27:22,851 INFO: Microblog startup [in E:\Thihansa\Bluechip Technologies\microblog\app\__init__.py:88]
2024-09-19 07:34:04,733 INFO: Microblog startup [in E:\Thihansa\Bluechip Technologies\microblog\app\__init__.py:91]
2024-09-19 07:34:20,952 INFO: Microblog startup [in E:\Thihansa\Bluechip Technologies\microblog\app\__init__.py:91]
2024-09-19 07:34:56,600 INFO: Microblog startup [in E:\Thihansa\Bluechip Technologies\microblog\app\__init__.py:91]
2024-09-19 08:03:33,794 INFO: Microblog startup [in E:\Thihansa\Bluechip Technologies\microblog\app\__init__.py:91]
2024-09-19 08:16:07,125 INFO: Microblog startup [in E:\Thihansa\Bluechip Technologies\microblog\app\__init__.py:91]
2024-09-19 08:16:21,676 INFO: Microblog startup [in E:\Thihansa\Bluechip Technologies\microblog\app\__init__.py:91]
2024-09-19 08:17:52,636 INFO: Microblog startup [in E:\Thihansa\Bluechip Technologies\microblog\app\__init__.py:91]
2024-09-19 08:23:16,348 INFO: Microblog startup [in E:\Thihansa\Bluechip Technologies\microblog\app\__init__.py:91]
2024-09-19 08:27:48,910 INFO: Microblog startup [in E:\Thihansa\Bluechip Technologies\microblog\app\__init__.py:91]
2024-09-19 08:41:21,841 INFO: Microblog startup [in E:\Thihansa\Bluechip Technologies\microblog\app\__init__.py:95]
2024-09-19 08:54:30,232 INFO: Microblog startup [in E:\Thihansa\Bluechip Technologies\microblog\app\__init__.py:95]
